<?xml version="1.0" encoding="UTF-8"?>
<!-- Generated by org.testng.reporters.JUnitReportReporter -->
<testsuite hostname="Nandhu" failures="0" tests="4" name="com.experion.tests.LoginTests" time="24.152" errors="0" timestamp="2025-03-28T14:55:01 IST" skipped="0">
  <testcase classname="com.experion.tests.LoginTests" name="successfulLoginTest" time="2.921"/>
  <testcase classname="com.experion.tests.LoginTests" name="successfulLoginTest" time="12.984"/>
  <testcase classname="com.experion.tests.LoginTests" name="loginWithInvalidPassword" time="5.225"/>
  <testcase classname="com.experion.tests.LoginTests" name="successfulLoginTest" time="3.022"/>
</testsuite> <!-- com.experion.tests.LoginTests -->
