<?xml version="1.0" encoding="UTF-8"?>
<!-- Generated by org.testng.reporters.JUnitReportReporter -->
<testsuite hostname="Nandhu" failures="0" tests="6" name="com.experion.tests.AutomatedScenario" time="23.194" errors="0" timestamp="2025-03-28T14:55:01 IST" skipped="0">
  <testcase classname="com.experion.tests.AutomatedScenario" name="VerifyTheDescendingSortingByName" time="2.944"/>
  <testcase classname="com.experion.tests.AutomatedScenario" name="VerifyTheDefaultSortingByNameAscending" time="2.772"/>
  <testcase classname="com.experion.tests.AutomatedScenario" name="VerifyTheAddToCartFeature" time="3.320"/>
  <testcase classname="com.experion.tests.AutomatedScenario" name="VerifyTheDescendingSortingByPrice" time="3.023"/>
  <testcase classname="com.experion.tests.AutomatedScenario" name="VerifyTheCheckOut" time="8.086"/>
  <testcase classname="com.experion.tests.AutomatedScenario" name="VerifyTheAscendingSortingByPrice" time="3.049"/>
</testsuite> <!-- com.experion.tests.AutomatedScenario -->
